# JRE version: Java(TM) SE Runtime Environment (8.0_05-b13) (build 1.8.0_05-b13)
# Java VM: Java HotSpot(TM) 64-Bit Server VM (25.5-b02 mixed mode windows-amd64 compressed oops)
Heap:
 PSYoungGen      total 1536K, used 1145K [0x000000076af80000, 0x000000076b380000, 0x00000007c0000000)
  eden space 1024K, 64% used [0x000000076af80000,0x000000076b026468,0x000000076b080000)
  from space 512K, 93% used [0x000000076b080000,0x000000076b0f8020,0x000000076b100000)
  to   space 1024K, 0% used [0x000000076b280000,0x000000076b280000,0x000000076b380000)
 ParOldGen       total 260608K, used 965K [0x00000006c0e00000, 0x00000006d0c80000, 0x000000076af80000)
  object space 260608K, 0% used [0x00000006c0e00000,0x00000006c0ef15a0,0x00000006d0c80000)
 Metaspace       used 8657K, capacity 8866K, committed 9088K, reserved 1056768K
  class space    used 1040K, capacity 1104K, committed 1152K, reserved 1048576K
GC Heap History (10 events):
Event: 0.119 GC heap before
{Heap before GC invocations=1 (full 0):
 PSYoungGen      total 1024K, used 512K [0x000000076af80000, 0x000000076b100000, 0x00000007c0000000)
  eden space 512K, 100% used [0x000000076af80000,0x000000076b000000,0x000000076b000000)
  from space 512K, 0% used [0x000000076b080000,0x000000076b080000,0x000000076b100000)
  to   space 512K, 0% used [0x000000076b000000,0x000000076b000000,0x000000076b080000)
 ParOldGen       total 260608K, used 0K [0x00000006c0e00000, 0x00000006d0c80000, 0x000000076af80000)
  object space 260608K, 0% used [0x00000006c0e00000,0x00000006c0e00000,0x00000006d0c80000)
 Metaspace       used 2676K, capacity 4486K, committed 4864K, reserved 1056768K
  class space    used 285K, capacity 386K, committed 512K, reserved 1048576K
Event: 0.119 GC heap after
Heap after GC invocations=1 (full 0):
 PSYoungGen      total 1024K, used 448K [0x000000076af80000, 0x000000076b100000, 0x00000007c0000000)
  eden space 512K, 0% used [0x000000076af80000,0x000000076af80000,0x000000076b000000)
  from space 512K, 87% used [0x000000076b000000,0x000000076b070020,0x000000076b080000)
  to   space 512K, 0% used [0x000000076b080000,0x000000076b080000,0x000000076b100000)
 ParOldGen       total 260608K, used 8K [0x00000006c0e00000, 0x00000006d0c80000, 0x000000076af80000)
  object space 260608K, 0% used [0x00000006c0e00000,0x00000006c0e02000,0x00000006d0c80000)
 Metaspace       used 2676K, capacity 4486K, committed 4864K, reserved 1056768K
  class space    used 285K, capacity 386K, committed 512K, reserved 1048576K
}
Event: 0.163 GC heap before
{Heap before GC invocations=2 (full 0):
 PSYoungGen      total 1024K, used 960K [0x000000076af80000, 0x000000076b100000, 0x00000007c0000000)
  eden space 512K, 100% used [0x000000076af80000,0x000000076b000000,0x000000076b000000)
  from space 512K, 87% used [0x000000076b000000,0x000000076b070020,0x000000076b080000)
  to   space 512K, 0% used [0x000000076b080000,0x000000076b080000,0x000000076b100000)
 ParOldGen       total 260608K, used 8K [0x00000006c0e00000, 0x00000006d0c80000, 0x000000076af80000)
  object space 260608K, 0% used [0x00000006c0e00000,0x00000006c0e02000,0x00000006d0c80000)
 Metaspace       used 4481K, capacity 4656K, committed 4864K, reserved 1056768K
  class space    used 479K, capacity 492K, committed 512K, reserved 1048576K
Event: 0.164 GC heap after
Heap after GC invocations=2 (full 0):
 PSYoungGen      total 1024K, used 512K [0x000000076af80000, 0x000000076b100000, 0x00000007c0000000)
  eden space 512K, 0% used [0x000000076af80000,0x000000076af80000,0x000000076b000000)
  from space 512K, 100% used [0x000000076b080000,0x000000076b100000,0x000000076b100000)
  to   space 512K, 0% used [0x000000076b000000,0x000000076b000000,0x000000076b080000)
 ParOldGen       total 260608K, used 136K [0x00000006c0e00000, 0x00000006d0c80000, 0x000000076af80000)
  object space 260608K, 0% used [0x00000006c0e00000,0x00000006c0e22000,0x00000006d0c80000)
 Metaspace       used 4481K, capacity 4656K, committed 4864K, reserved 1056768K
  class space    used 479K, capacity 492K, committed 512K, reserved 1048576K
}
Event: 0.181 GC heap before
{Heap before GC invocations=3 (full 0):
 PSYoungGen      total 1024K, used 1024K [0x000000076af80000, 0x000000076b100000, 0x00000007c0000000)
  eden space 512K, 100% used [0x000000076af80000,0x000000076b000000,0x000000076b000000)
  from space 512K, 100% used [0x000000076b080000,0x000000076b100000,0x000000076b100000)
  to   space 512K, 0% used [0x000000076b000000,0x000000076b000000,0x000000076b080000)
 ParOldGen       total 260608K, used 136K [0x00000006c0e00000, 0x00000006d0c80000, 0x000000076af80000)
  object space 260608K, 0% used [0x00000006c0e00000,0x00000006c0e22000,0x00000006d0c80000)
 Metaspace       used 4822K, capacity 4944K, committed 5248K, reserved 1056768K
  class space    used 521K, capacity 548K, committed 640K, reserved 1048576K
Event: 0.189 GC heap after
Heap after GC invocations=3 (full 0):
 PSYoungGen      total 1024K, used 512K [0x000000076af80000, 0x000000076b180000, 0x00000007c0000000)
  eden space 512K, 0% used [0x000000076af80000,0x000000076af80000,0x000000076b000000)
  from space 512K, 100% used [0x000000076b000000,0x000000076b080000,0x000000076b080000)
  to   space 512K, 0% used [0x000000076b100000,0x000000076b100000,0x000000076b180000)
 ParOldGen       total 260608K, used 236K [0x00000006c0e00000, 0x00000006d0c80000, 0x000000076af80000)
  object space 260608K, 0% used [0x00000006c0e00000,0x00000006c0e3b010,0x00000006d0c80000)
 Metaspace       used 4822K, capacity 4944K, committed 5248K, reserved 1056768K
  class space    used 521K, capacity 548K, committed 640K, reserved 1048576K
}
Event: 0.272 GC heap before
{Heap before GC invocations=4 (full 0):
 PSYoungGen      total 1024K, used 1024K [0x000000076af80000, 0x000000076b180000, 0x00000007c0000000)
  eden space 512K, 100% used [0x000000076af80000,0x000000076b000000,0x000000076b000000)
  from space 512K, 100% used [0x000000076b000000,0x000000076b080000,0x000000076b080000)
  to   space 512K, 0% used [0x000000076b100000,0x000000076b100000,0x000000076b180000)
 ParOldGen       total 260608K, used 236K [0x00000006c0e00000, 0x00000006d0c80000, 0x000000076af80000)
  object space 260608K, 0% used [0x00000006c0e00000,0x00000006c0e3b010,0x00000006d0c80000)
 Metaspace       used 6180K, capacity 6332K, committed 6400K, reserved 1056768K
  class space    used 692K, capacity 758K, committed 768K, reserved 1048576K
Event: 0.273 GC heap after
Heap after GC invocations=4 (full 0):
 PSYoungGen      total 1536K, used 480K [0x000000076af80000, 0x000000076b180000, 0x00000007c0000000)
  eden space 1024K, 0% used [0x000000076af80000,0x000000076af80000,0x000000076b080000)
  from space 512K, 93% used [0x000000076b100000,0x000000076b178020,0x000000076b180000)
  to   space 512K, 0% used [0x000000076b080000,0x000000076b080000,0x000000076b100000)
 ParOldGen       total 260608K, used 424K [0x00000006c0e00000, 0x00000006d0c80000, 0x000000076af80000)
  object space 260608K, 0% used [0x00000006c0e00000,0x00000006c0e6a020,0x00000006d0c80000)
 Metaspace       used 6180K, capacity 6332K, committed 6400K, reserved 1056768K
  class space    used 692K, capacity 758K, committed 768K, reserved 1048576K
}
Event: 0.382 GC heap before
{Heap before GC invocations=5 (full 0):
 PSYoungGen      total 1536K, used 1504K [0x000000076af80000, 0x000000076b180000, 0x00000007c0000000)
  eden space 1024K, 100% used [0x000000076af80000,0x000000076b080000,0x000000076b080000)
  from space 512K, 93% used [0x000000076b100000,0x000000076b178020,0x000000076b180000)
  to   space 512K, 0% used [0x000000076b080000,0x000000076b080000,0x000000076b100000)
 ParOldGen       total 260608K, used 424K [0x00000006c0e00000, 0x00000006d0c80000, 0x000000076af80000)
  object space 260608K, 0% used [0x00000006c0e00000,0x00000006c0e6a020,0x00000006d0c80000)
 Metaspace       used 8545K, capacity 8672K, committed 8832K, reserved 1056768K
  class space    used 1024K, capacity 1087K, committed 1152K, reserved 1048576K
Event: 0.383 GC heap after
Heap after GC invocations=5 (full 0):
 PSYoungGen      total 1536K, used 480K [0x000000076af80000, 0x000000076b380000, 0x00000007c0000000)
  eden space 1024K, 0% used [0x000000076af80000,0x000000076af80000,0x000000076b080000)
  from space 512K, 93% used [0x000000076b080000,0x000000076b0f8020,0x000000076b100000)
  to   space 1024K, 0% used [0x000000076b280000,0x000000076b280000,0x000000076b380000)
 ParOldGen       total 260608K, used 965K [0x00000006c0e00000, 0x00000006d0c80000, 0x000000076af80000)
  object space 260608K, 0% used [0x00000006c0e00000,0x00000006c0ef15a0,0x00000006d0c80000)
 Metaspace       used 8545K, capacity 8672K, committed 8832K, reserved 1056768K
  class space    used 1024K, capacity 1087K, committed 1152K, reserved 1048576K
}

